C51 COMPILER V8.18   TIMER0                                                                06/15/2021 19:43:16 PAGE 1   


C51 COMPILER V8.18, COMPILATION OF MODULE TIMER0
OBJECT MODULE PLACED IN timer0.OBJ
COMPILER INVOKED BY: C:\Keil\C51\BIN\C51.EXE timer0.c BROWSE

line level    source

   1          #include <t89c51rd2.h>
   2          
   3          typedef unsigned char  U1;
   4          typedef unsigned short U2;
   5          #define NULL 0; 
   6          
   7          typedef union{
   8                  U1 u1_BYTE;
   9                  struct{
  10                                  U1 b00 : 1;
  11                                  U1 b02 : 1;
  12                                  U1 b03 : 1;
  13                                  U1 b04 : 1;
  14                                  U1 b05 : 1;
  15                                  U1 b06 : 1;
  16                                  U1 b07 : 1;
  17                            }Bit;
  18          }F1;
  19          
  20          typedef union{
  21                  U2 u2_BYTE;
  22                  struct{
  23                                  U2 b00 : 1;
  24                                  U2 b02 : 1;
  25                                  U2 b03 : 1;
  26                                  U2 b04 : 1;
  27                                  U2 b05 : 1;
  28                                  U2 b06 : 1;
  29                                  U2 b07 : 1;
  30                                  U2 b08 : 1;
  31                                  U2 b09 : 1;
  32                                  U2 b10 : 1;
  33                                  U2 b11 : 1;
  34                                  U2 b12 : 1;
  35                                  U2 b13 : 1;
  36                                  U2 b014 : 1;
  37                            }u2_word;
  38          }F2;
  39          
  40          #define OFF  (U1)0
  41          #define ON   (U1)1
  42          
  43          void Task_1(void);
  44          void Task_2(void);
  45          void Task_3(void);
  46          void Event(void (*event_TBL[])(void));
  47          
  48          U1 u1_BUF_1MS;
  49          F1 St_Temp;
  50          
  51          void (*const MS10_TBL[])(void) = {&Task_1,&Task_2,&Task_3};
  52          
  53          int main(void)
  54          { 
  55   1              u1_BUF_1MS = (U1)OFF;
C51 COMPILER V8.18   TIMER0                                                                06/15/2021 19:43:16 PAGE 2   

  56   1              St_Temp.Bit.b00 = ON;
  57   1              
  58   1              TMOD = 0x01;
  59   1              IE   = 0x82;
  60   1              TL0  = 0xD8;
  61   1          TH0  = 0xF0;
  62   1              TR0  = 1; 
  63   1              while(1)
  64   1              {
  65   2                if(St_Temp.Bit.b00 == ON)
  66   2                {
  67   3                        Event(MS10_TBL);
  68   3                        St_Temp.Bit.b00 = OFF;
  69   3                        EA = 1;
  70   3                }     
  71   2              }       
  72   1      }
  73          
  74          void Timer0(void) interrupt 1
  75          {
  76   1        St_Temp.Bit.b00 = ON; 
  77   1        TF0 = 0; 
  78   1        TL0  = 0x18;
  79   1        TH0  = 0xFC;
  80   1        EA = 0;
  81   1      }
  82          
  83          void Task_1(void)
  84          {
  85   1        P1_0 = ~(P1_0);       
  86   1      }
  87          
  88          void Task_2(void)
  89          {
  90   1        P1_1 = ~(P1_1);       
  91   1      }
  92          
  93          void Task_3(void)
  94          {
  95   1        P1_1 = ~(P1_1);       
  96   1      }
  97          
  98          void Event(void (*const *MS10_TBL)(void))
  99          {
 100   1              for(; *MS10_TBL != 0 ;){
 101   2                      (*MS10_TBL)();
 102   2                      MS10_TBL++;
 103   2              }
 104   1      }
 105          
 106          


MODULE INFORMATION:   STATIC OVERLAYABLE
   CODE SIZE        =    128    ----
   CONSTANT SIZE    =   ----    ----
   XDATA SIZE       =   ----    ----
   PDATA SIZE       =   ----    ----
   DATA SIZE        =     11       3
   IDATA SIZE       =   ----    ----
   BIT SIZE         =   ----    ----
END OF MODULE INFORMATION.

C51 COMPILER V8.18   TIMER0                                                                06/15/2021 19:43:16 PAGE 3   


C51 COMPILATION COMPLETE.  0 WARNING(S),  0 ERROR(S)
